2025-01-05T19:49:01.059Z - Error: token error
Stack: TokenError: token error
    at module.exports.checkAuth (/server/src/middlewares/checkToken.js:25:10)
    at Layer.handle [as handle_request] (/server/node_modules/express/lib/router/layer.js:95:5)
    at next (/server/node_modules/express/lib/router/route.js:144:13)
    at Route.dispatch (/server/node_modules/express/lib/router/route.js:114:3)
    at Layer.handle [as handle_request] (/server/node_modules/express/lib/router/layer.js:95:5)
    at /server/node_modules/express/lib/router/index.js:284:15
    at Function.process_params (/server/node_modules/express/lib/router/index.js:346:12)
    at next (/server/node_modules/express/lib/router/index.js:280:10)
    at Function.handle (/server/node_modules/express/lib/router/index.js:175:3)
    at router (/server/node_modules/express/lib/router/index.js:47:12)

2025-01-05T19:52:39.480Z - Error: token error
Stack: TokenError: token error
    at module.exports.checkAuth (/server/src/middlewares/checkToken.js:25:10)
    at Layer.handle [as handle_request] (/server/node_modules/express/lib/router/layer.js:95:5)
    at next (/server/node_modules/express/lib/router/route.js:144:13)
    at Route.dispatch (/server/node_modules/express/lib/router/route.js:114:3)
    at Layer.handle [as handle_request] (/server/node_modules/express/lib/router/layer.js:95:5)
    at /server/node_modules/express/lib/router/index.js:284:15
    at Function.process_params (/server/node_modules/express/lib/router/index.js:346:12)
    at next (/server/node_modules/express/lib/router/index.js:280:10)
    at Function.handle (/server/node_modules/express/lib/router/index.js:175:3)
    at router (/server/node_modules/express/lib/router/index.js:47:12)

2025-01-05T19:53:10.484Z - Error: need token
Stack: TokenError: need token
    at module.exports.checkAuth (/server/src/middlewares/checkToken.js:9:17)
    at Layer.handle [as handle_request] (/server/node_modules/express/lib/router/layer.js:95:5)
    at next (/server/node_modules/express/lib/router/route.js:144:13)
    at Route.dispatch (/server/node_modules/express/lib/router/route.js:114:3)
    at Layer.handle [as handle_request] (/server/node_modules/express/lib/router/layer.js:95:5)
    at /server/node_modules/express/lib/router/index.js:284:15
    at Function.process_params (/server/node_modules/express/lib/router/index.js:346:12)
    at next (/server/node_modules/express/lib/router/index.js:280:10)
    at Function.handle (/server/node_modules/express/lib/router/index.js:175:3)
    at router (/server/node_modules/express/lib/router/index.js:47:12)

2025-01-05T19:54:42.698Z - Error: need token
Stack: TokenError: need token
    at module.exports.checkAuth (/server/src/middlewares/checkToken.js:9:17)
    at Layer.handle [as handle_request] (/server/node_modules/express/lib/router/layer.js:95:5)
    at next (/server/node_modules/express/lib/router/route.js:144:13)
    at Route.dispatch (/server/node_modules/express/lib/router/route.js:114:3)
    at Layer.handle [as handle_request] (/server/node_modules/express/lib/router/layer.js:95:5)
    at /server/node_modules/express/lib/router/index.js:284:15
    at Function.process_params (/server/node_modules/express/lib/router/index.js:346:12)
    at next (/server/node_modules/express/lib/router/index.js:280:10)
    at Function.handle (/server/node_modules/express/lib/router/index.js:175:3)
    at router (/server/node_modules/express/lib/router/index.js:47:12)

